# JRE version: OpenJDK Runtime Environment (8.0_152-b38) (build 1.8.0_152-release-1136-b38)
# Java VM: OpenJDK 64-Bit Server VM (25.152-b38 mixed mode windows-amd64 compressed oops)
Heap:
 par new generation   total 39296K, used 10283K [0x00000000a2400000, 0x00000000a4ea0000, 0x00000000b70c0000)
  eden space 34944K,  25% used [0x00000000a2400000, 0x00000000a2c9ef40, 0x00000000a4620000)
  from space 4352K,  33% used [0x00000000a4620000, 0x00000000a478bd90, 0x00000000a4a60000)
  to   space 4352K,   0% used [0x00000000a4a60000, 0x00000000a4a60000, 0x00000000a4ea0000)
 concurrent mark-sweep generation total 148580K, used 91234K [0x00000000b70c0000, 0x00000000c01d9000, 0x0000000100000000)
 Metaspace       used 175930K, capacity 185095K, committed 185380K, reserved 1210368K
  class space    used 21813K, capacity 23616K, committed 23640K, reserved 1048576K
GC Heap History (10 events):
Event: 8266.591 GC heap before
{Heap before GC invocations=899 (full 15):
 par new generation   total 39296K, used 36776K [0x00000000a2400000, 0x00000000a4ea0000, 0x00000000b70c0000)
  eden space 34944K, 100% used [0x00000000a2400000, 0x00000000a4620000, 0x00000000a4620000)
  from space 4352K,  42% used [0x00000000a4a60000, 0x00000000a4c2a270, 0x00000000a4ea0000)
  to   space 4352K,   0% used [0x00000000a4620000, 0x00000000a4620000, 0x00000000a4a60000)
 concurrent mark-sweep generation total 143968K, used 128223K [0x00000000b70c0000, 0x00000000bfd58000, 0x0000000100000000)
 Metaspace       used 174845K, capacity 183785K, committed 183972K, reserved 1210368K
  class space    used 21657K, capacity 23447K, committed 23512K, reserved 1048576K
Event: 8266.596 GC heap after
Heap after GC invocations=900 (full 15):
 par new generation   total 39296K, used 482K [0x00000000a2400000, 0x00000000a4ea0000, 0x00000000b70c0000)
  eden space 34944K,   0% used [0x00000000a2400000, 0x00000000a2400000, 0x00000000a4620000)
  from space 4352K,  11% used [0x00000000a4620000, 0x00000000a4698978, 0x00000000a4a60000)
  to   space 4352K,   0% used [0x00000000a4a60000, 0x00000000a4a60000, 0x00000000a4ea0000)
 concurrent mark-sweep generation total 143968K, used 128223K [0x00000000b70c0000, 0x00000000bfd58000, 0x0000000100000000)
 Metaspace       used 174845K, capacity 183785K, committed 183972K, reserved 1210368K
  class space    used 21657K, capacity 23447K, committed 23512K, reserved 1048576K
}
Event: 8286.494 GC heap before
{Heap before GC invocations=900 (full 15):
 par new generation   total 39296K, used 35426K [0x00000000a2400000, 0x00000000a4ea0000, 0x00000000b70c0000)
  eden space 34944K, 100% used [0x00000000a2400000, 0x00000000a4620000, 0x00000000a4620000)
  from space 4352K,  11% used [0x00000000a4620000, 0x00000000a4698978, 0x00000000a4a60000)
  to   space 4352K,   0% used [0x00000000a4a60000, 0x00000000a4a60000, 0x00000000a4ea0000)
 concurrent mark-sweep generation total 143968K, used 128223K [0x00000000b70c0000, 0x00000000bfd58000, 0x0000000100000000)
 Metaspace       used 174845K, capacity 183785K, committed 183972K, reserved 1210368K
  class space    used 21657K, capacity 23447K, committed 23512K, reserved 1048576K
Event: 8286.497 GC heap after
Heap after GC invocations=901 (full 15):
 par new generation   total 39296K, used 263K [0x00000000a2400000, 0x00000000a4ea0000, 0x00000000b70c0000)
  eden space 34944K,   0% used [0x00000000a2400000, 0x00000000a2400000, 0x00000000a4620000)
  from space 4352K,   6% used [0x00000000a4a60000, 0x00000000a4aa1c98, 0x00000000a4ea0000)
  to   space 4352K,   0% used [0x00000000a4620000, 0x00000000a4620000, 0x00000000a4a60000)
 concurrent mark-sweep generation total 143968K, used 128223K [0x00000000b70c0000, 0x00000000bfd58000, 0x0000000100000000)
 Metaspace       used 174845K, capacity 183785K, committed 183972K, reserved 1210368K
  class space    used 21657K, capacity 23447K, committed 23512K, reserved 1048576K
}
Event: 8411.364 GC heap before
{Heap before GC invocations=901 (full 15):
 par new generation   total 39296K, used 35207K [0x00000000a2400000, 0x00000000a4ea0000, 0x00000000b70c0000)
  eden space 34944K, 100% used [0x00000000a2400000, 0x00000000a4620000, 0x00000000a4620000)
  from space 4352K,   6% used [0x00000000a4a60000, 0x00000000a4aa1c98, 0x00000000a4ea0000)
  to   space 4352K,   0% used [0x00000000a4620000, 0x00000000a4620000, 0x00000000a4a60000)
 concurrent mark-sweep generation total 143968K, used 128223K [0x00000000b70c0000, 0x00000000bfd58000, 0x0000000100000000)
 Metaspace       used 174876K, capacity 183821K, committed 183972K, reserved 1210368K
  class space    used 21660K, capacity 23453K, committed 23512K, reserved 1048576K
Event: 8411.368 GC heap after
Heap after GC invocations=902 (full 15):
 par new generation   total 39296K, used 1114K [0x00000000a2400000, 0x00000000a4ea0000, 0x00000000b70c0000)
  eden space 34944K,   0% used [0x00000000a2400000, 0x00000000a2400000, 0x00000000a4620000)
  from space 4352K,  25% used [0x00000000a4620000, 0x00000000a47368d8, 0x00000000a4a60000)
  to   space 4352K,   0% used [0x00000000a4a60000, 0x00000000a4a60000, 0x00000000a4ea0000)
 concurrent mark-sweep generation total 143968K, used 128223K [0x00000000b70c0000, 0x00000000bfd58000, 0x0000000100000000)
 Metaspace       used 174876K, capacity 183821K, committed 183972K, reserved 1210368K
  class space    used 21660K, capacity 23453K, committed 23512K, reserved 1048576K
}
Event: 8412.521 GC heap before
{Heap before GC invocations=902 (full 15):
 par new generation   total 39296K, used 36008K [0x00000000a2400000, 0x00000000a4ea0000, 0x00000000b70c0000)
  eden space 34944K,  99% used [0x00000000a2400000, 0x00000000a4613968, 0x00000000a4620000)
  from space 4352K,  25% used [0x00000000a4620000, 0x00000000a47368d8, 0x00000000a4a60000)
  to   space 4352K,   0% used [0x00000000a4a60000, 0x00000000a4a60000, 0x00000000a4ea0000)
 concurrent mark-sweep generation total 143968K, used 128223K [0x00000000b70c0000, 0x00000000bfd58000, 0x0000000100000000)
 Metaspace       used 175805K, capacity 184955K, committed 185124K, reserved 1210368K
  class space    used 21789K, capacity 23586K, committed 23640K, reserved 1048576K
Event: 8412.545 GC heap after
Heap after GC invocations=903 (full 15):
 par new generation   total 39296K, used 4352K [0x00000000a2400000, 0x00000000a4ea0000, 0x00000000b70c0000)
  eden space 34944K,   0% used [0x00000000a2400000, 0x00000000a2400000, 0x00000000a4620000)
  from space 4352K, 100% used [0x00000000a4a60000, 0x00000000a4ea0000, 0x00000000a4ea0000)
  to   space 4352K,   0% used [0x00000000a4620000, 0x00000000a4620000, 0x00000000a4a60000)
 concurrent mark-sweep generation total 148580K, used 135611K [0x00000000b70c0000, 0x00000000c01d9000, 0x0000000100000000)
 Metaspace       used 175805K, capacity 184955K, committed 185124K, reserved 1210368K
  class space    used 21789K, capacity 23586K, committed 23640K, reserved 1048576K
}
Event: 8418.504 GC heap before
{Heap before GC invocations=903 (full 16):
 par new generation   total 39296K, used 39296K [0x00000000a2400000, 0x00000000a4ea0000, 0x00000000b70c0000)
  eden space 34944K, 100% used [0x00000000a2400000, 0x00000000a4620000, 0x00000000a4620000)
  from space 4352K, 100% used [0x00000000a4a60000, 0x00000000a4ea0000, 0x00000000a4ea0000)
  to   space 4352K,   0% used [0x00000000a4620000, 0x00000000a4620000, 0x00000000a4a60000)
 concurrent mark-sweep generation total 148580K, used 86891K [0x00000000b70c0000, 0x00000000c01d9000, 0x0000000100000000)
 Metaspace       used 175901K, capacity 185031K, committed 185124K, reserved 1210368K
  class space    used 21813K, capacity 23616K, committed 23640K, reserved 1048576K
Event: 8418.513 GC heap after
Heap after GC invocations=904 (full 16):
 par new generation   total 39296K, used 1455K [0x00000000a2400000, 0x00000000a4ea0000, 0x00000000b70c0000)
  eden space 34944K,   0% used [0x00000000a2400000, 0x00000000a2400000, 0x00000000a4620000)
  from space 4352K,  33% used [0x00000000a4620000, 0x00000000a478bd90, 0x00000000a4a60000)
  to   space 4352K,   0% used [0x00000000a4a60000, 0x00000000a4a60000, 0x00000000a4ea0000)
 concurrent mark-sweep generation total 148580K, used 91234K [0x00000000b70c0000, 0x00000000c01d9000, 0x0000000100000000)
 Metaspace       used 175901K, capacity 185031K, committed 185124K, reserved 1210368K
  class space    used 21813K, capacity 23616K, committed 23640K, reserved 1048576K
}

